  API.cc
c:\users\zlinai\desktop\comp3311_assignment4\code\CatalogManager.h(30): warning C4800: 'unsigned int': forcing value to bool 'true' or 'false' (performance warning)
  BufferManager.cc
  CatalogManager.cc
c:\users\zlinai\desktop\comp3311_assignment4\code\CatalogManager.h(30): warning C4800: 'unsigned int': forcing value to bool 'true' or 'false' (performance warning)
..\..\..\..\..\Desktop\COMP3311_Assignment4\code\CatalogManager.cc(51): warning C4018: '<': signed/unsigned mismatch
..\..\..\..\..\Desktop\COMP3311_Assignment4\code\CatalogManager.cc(64): warning C4018: '<': signed/unsigned mismatch
  global.cc
..\..\..\..\..\Desktop\COMP3311_Assignment4\code\global.cc(62): warning C4244: 'initializing': conversion from 'double' to 'float', possible loss of data
  IndexManager.cc
..\..\..\..\..\Desktop\COMP3311_Assignment4\code\IndexManager.cc(190): warning C4018: '<': signed/unsigned mismatch
..\..\..\..\..\Desktop\COMP3311_Assignment4\code\IndexManager.cc(226): warning C4018: '<': signed/unsigned mismatch
..\..\..\..\..\Desktop\COMP3311_Assignment4\code\IndexManager.cc(227): warning C4018: '<': signed/unsigned mismatch
..\..\..\..\..\Desktop\COMP3311_Assignment4\code\IndexManager.cc(359): warning C4101: 'type': unreferenced local variable
  Interpreter.cc
c:\users\zlinai\desktop\comp3311_assignment4\code\CatalogManager.h(30): warning C4800: 'unsigned int': forcing value to bool 'true' or 'false' (performance warning)
  Main.cc
c:\users\zlinai\desktop\comp3311_assignment4\code\CatalogManager.h(30): warning C4800: 'unsigned int': forcing value to bool 'true' or 'false' (performance warning)
  RecordManager.cc
c:\users\zlinai\desktop\comp3311_assignment4\code\CatalogManager.h(30): warning C4800: 'unsigned int': forcing value to bool 'true' or 'false' (performance warning)
  filter.cc
  Generating code
c:\users\zlinai\desktop\comp3311_assignment4\code\global.cc(83): warning C4715: 'element::operator<': not all control paths return a value
c:\users\zlinai\desktop\comp3311_assignment4\code\global.cc(93): warning C4715: 'element::operator==': not all control paths return a value
c:\users\zlinai\desktop\comp3311_assignment4\code\api.cc(104): warning C4715: 'API::dropTable': not all control paths return a value
  All 1884 functions were compiled because no usable IPDB/IOBJ from previous compilation was found.
  Finished generating code
  assignment.vcxproj -> c:\users\zlinai\documents\visual studio 2015\Projects\assignment\Release\assignment.exe
  assignment.vcxproj -> c:\users\zlinai\documents\visual studio 2015\Projects\assignment\Release\assignment.pdb (Full PDB)
